<?xml version="1.0" encoding="UTF-8"?>
<testsuite name="basiclibrary.LibraryTest" tests="1" skipped="0" failures="0" errors="0" timestamp="2022-10-26T20:13:30" hostname="Loluntss-MacBook-Pro.local" time="0.017">
  <properties/>
  <testcase name="testAssArrays()" classname="basiclibrary.LibraryTest" time="0.017"/>
  <system-out><![CDATA[]]></system-out>
  <system-err><![CDATA[]]></system-err>
</testsuite>
